[2026-03-06 13:42:37] [INFO] [Client: SYSTEM] [Action: INIT] Audit logger initialized
[2026-03-06 13:42:37] [INFO] [Client: SYSTEM] [Action: INIT] Server initialized successfully
[2026-03-06 13:42:39] [INFO] [Client: client1] [Action: CONNECT] Client connected from org1
[2026-03-06 13:42:40] [INFO] [Client: client1] [Action: CANDIDATES] Ready to receive 5462 bytes
[2026-03-06 13:42:40] [INFO] [Client: UNKNOWN] [Action: CANDIDATES_RECEIVED] Received 5 candidates
[2026-03-06 13:42:50] [INFO] [Client: client1] [Action: GET_RESULTS] Sent 0 duplicates
[2026-03-06 13:43:20] [INFO] [Client: SYSTEM] [Action: INIT] Audit logger initialized
[2026-03-06 13:43:20] [INFO] [Client: SYSTEM] [Action: INIT] Server initialized successfully
[2026-03-06 13:43:23] [INFO] [Client: client1] [Action: CONNECT] Client connected from org1
[2026-03-06 13:43:24] [INFO] [Client: client1] [Action: CANDIDATES] Ready to receive 5462 bytes
[2026-03-06 13:43:24] [INFO] [Client: UNKNOWN] [Action: CANDIDATES_RECEIVED] Received 5 candidates
[2026-03-06 13:43:34] [INFO] [Client: client1] [Action: GET_RESULTS] Sent 0 duplicates
[2026-03-06 13:43:34] [INFO] [Client: client2] [Action: CONNECT] Client connected from org2
[2026-03-06 13:43:36] [INFO] [Client: client2] [Action: CANDIDATES] Ready to receive 5462 bytes
[2026-03-06 13:43:36] [INFO] [Client: UNKNOWN] [Action: CANDIDATES_RECEIVED] Received 5 candidates
[2026-03-06 13:48:59] [INFO] [Client: SYSTEM] [Action: INIT] Audit logger initialized
[2026-03-06 13:48:59] [INFO] [Client: SYSTEM] [Action: INIT] Server initialized successfully
[2026-03-06 13:49:02] [INFO] [Client: client1] [Action: CONNECT] Client connected from org1
[2026-03-06 13:49:03] [INFO] [Client: client1] [Action: CANDIDATES] Ready to receive 5462 bytes
[2026-03-06 13:49:03] [INFO] [Client: UNKNOWN] [Action: CANDIDATES_RECEIVED] Received 5 candidates
[2026-03-06 13:49:13] [INFO] [Client: client1] [Action: GET_RESULTS] Sent 0 duplicates
[2026-03-06 13:49:14] [INFO] [Client: client2] [Action: CONNECT] Client connected from org2
